<?xml version="1.0" encoding="UTF-8"?>
<testsuite xmlns:xsi="http://www.w3.org/2001/XMLSchema-instance" xsi:noNamespaceSchemaLocation="https://maven.apache.org/surefire/maven-surefire-plugin/xsd/surefire-test-report.xsd" name="br.uece.me.PrimoTest" time="0.544" tests="101" errors="0" skipped="0" failures="3">
  <properties>
[...]
</properties>
  <testcase name="isPrimoTest[1]" classname="br.uece.me.PrimoTest" time="0.06"/>
  <testcase name="isPrimoTest[2]" classname="br.uece.me.PrimoTest" time="0.001"/>
  <testcase name="isPrimoTest[3]" classname="br.uece.me.PrimoTest" time="0.004"/>
  <testcase name="isPrimoTest[4]" classname="br.uece.me.PrimoTest" time="0.002"/>
  <testcase name="isPrimoTest[5]" classname="br.uece.me.PrimoTest" time="0.001"/>
  <testcase name="isPrimoTest[6]" classname="br.uece.me.PrimoTest" time="0.001"/>
  <testcase name="isPrimoTest[7]" classname="br.uece.me.PrimoTest" time="0.021">
    <failure message="1 nao é primo ==&gt; expected: &lt;true&gt; but was: &lt;false&gt;" type="org.opentest4j.AssertionFailedError"><![CDATA[org.opentest4j.AssertionFailedError: 1 nao é primo ==> expected: <true> but was: <false>
	at br.uece.me.PrimoTest.isPrimoTest(PrimoTest.java:30)
]]></failure>
  </testcase>
  <testcase name="isPrimoTest[8]" classname="br.uece.me.PrimoTest" time="0.002"/>
  <testcase name="isPrimoTest[9]" classname="br.uece.me.PrimoTest" time="0.001"/>
  <testcase name="isPrimoTest[10]" classname="br.uece.me.PrimoTest" time="0.002"/>
  <testcase name="isPrimoTest[11]" classname="br.uece.me.PrimoTest" time="0.001"/>
  <testcase name="isPrimoTest[12]" classname="br.uece.me.PrimoTest" time="0.001"/>
  <testcase name="isPrimoTest[13]" classname="br.uece.me.PrimoTest" time="0.001"/>
  <testcase name="isPrimoTest[14]" classname="br.uece.me.PrimoTest" time="0.001"/>
  <testcase name="isPrimoTest[15]" classname="br.uece.me.PrimoTest" time="0.001"/>
  <testcase name="isPrimoTest[16]" classname="br.uece.me.PrimoTest" time="0.002"/>
  <testcase name="isPrimoTest[17]" classname="br.uece.me.PrimoTest" time="0.002"/>
  <testcase name="isPrimoTest[18]" classname="br.uece.me.PrimoTest" time="0"/>
  <testcase name="isPrimoTest[19]" classname="br.uece.me.PrimoTest" time="0.002"/>
  <testcase name="isPrimoTest[20]" classname="br.uece.me.PrimoTest" time="0.004"/>
  <testcase name="isPrimoTest[21]" classname="br.uece.me.PrimoTest" time="0.001"/>
  <testcase name="isPrimoTest[22]" classname="br.uece.me.PrimoTest" time="0"/>
  <testcase name="isPrimoTest[23]" classname="br.uece.me.PrimoTest" time="0"/>
  <testcase name="isPrimoTest[24]" classname="br.uece.me.PrimoTest" time="0"/>
  <testcase name="isPrimoTest[25]" classname="br.uece.me.PrimoTest" time="0.001"/>
  <testcase name="isPrimoTest[26]" classname="br.uece.me.PrimoTest" time="0.002"/>
  <testcase name="isPrimoTest[27]" classname="br.uece.me.PrimoTest" time="0.002"/>
  <testcase name="isPrimoTest[28]" classname="br.uece.me.PrimoTest" time="0.001"/>
  <testcase name="isPrimoTest[29]" classname="br.uece.me.PrimoTest" time="0.002"/>
  <testcase name="isPrimoTest[30]" classname="br.uece.me.PrimoTest" time="0.002"/>
  <testcase name="isPrimoTest[31]" classname="br.uece.me.PrimoTest" time="0.001"/>
  <testcase name="isPrimoTest[32]" classname="br.uece.me.PrimoTest" time="0.002"/>
  <testcase name="isPrimoTest[33]" classname="br.uece.me.PrimoTest" time="0.001"/>
  <testcase name="isPrimoTest[34]" classname="br.uece.me.PrimoTest" time="0.001"/>
  <testcase name="isPrimoTest[35]" classname="br.uece.me.PrimoTest" time="0.003"/>
  <testcase name="isPrimoTest[36]" classname="br.uece.me.PrimoTest" time="0.013"/>
  <testcase name="isPrimoTest[37]" classname="br.uece.me.PrimoTest" time="0"/>
  <testcase name="isPrimoTest[38]" classname="br.uece.me.PrimoTest" time="0.001"/>
  <testcase name="isPrimoTest[39]" classname="br.uece.me.PrimoTest" time="0.001"/>
  <testcase name="isPrimoTest[40]" classname="br.uece.me.PrimoTest" time="0.003"/>
  <testcase name="isPrimoTest[41]" classname="br.uece.me.PrimoTest" time="0.002"/>
  <testcase name="isPrimoTest[42]" classname="br.uece.me.PrimoTest" time="0.001"/>
  <testcase name="isPrimoTest[43]" classname="br.uece.me.PrimoTest" time="0"/>
  <testcase name="isPrimoTest[44]" classname="br.uece.me.PrimoTest" time="0.001"/>
  <testcase name="isPrimoTest[45]" classname="br.uece.me.PrimoTest" time="0.001"/>
  <testcase name="isPrimoTest[46]" classname="br.uece.me.PrimoTest" time="0.002"/>
  <testcase name="isPrimoTest[47]" classname="br.uece.me.PrimoTest" time="0.001"/>
  <testcase name="isPrimoTest[48]" classname="br.uece.me.PrimoTest" time="0.001"/>
  <testcase name="isPrimoTest[49]" classname="br.uece.me.PrimoTest" time="0.003"/>
  <testcase name="isPrimoTest[50]" classname="br.uece.me.PrimoTest" time="0"/>
  <testcase name="isPrimoTest[51]" classname="br.uece.me.PrimoTest" time="0.008"/>
  <testcase name="isPrimoTest[52]" classname="br.uece.me.PrimoTest" time="0.001"/>
  <testcase name="isPrimoTest[53]" classname="br.uece.me.PrimoTest" time="0.001"/>
  <testcase name="isPrimoTest[54]" classname="br.uece.me.PrimoTest" time="0.002"/>
  <testcase name="isPrimoTest[55]" classname="br.uece.me.PrimoTest" time="0.001"/>
  <testcase name="isPrimoTest[56]" classname="br.uece.me.PrimoTest" time="0"/>
  <testcase name="isPrimoTest[57]" classname="br.uece.me.PrimoTest" time="0.001"/>
  <testcase name="isPrimoTest[58]" classname="br.uece.me.PrimoTest" time="0.001"/>
  <testcase name="isPrimoTest[59]" classname="br.uece.me.PrimoTest" time="0.001"/>
  <testcase name="isPrimoTest[60]" classname="br.uece.me.PrimoTest" time="0"/>
  <testcase name="isPrimoTest[61]" classname="br.uece.me.PrimoTest" time="0"/>
  <testcase name="isPrimoTest[62]" classname="br.uece.me.PrimoTest" time="0.001"/>
  <testcase name="isPrimoTest[63]" classname="br.uece.me.PrimoTest" time="0"/>
  <testcase name="isPrimoTest[64]" classname="br.uece.me.PrimoTest" time="0.006"/>
  <testcase name="isPrimoTest[65]" classname="br.uece.me.PrimoTest" time="0"/>
  <testcase name="isPrimoTest[66]" classname="br.uece.me.PrimoTest" time="0.021">
    <failure message="0 nao é primo ==&gt; expected: &lt;true&gt; but was: &lt;false&gt;" type="org.opentest4j.AssertionFailedError"><![CDATA[org.opentest4j.AssertionFailedError: 0 nao é primo ==> expected: <true> but was: <false>
	at br.uece.me.PrimoTest.isPrimoTest(PrimoTest.java:30)
]]></failure>
  </testcase>
  <testcase name="isPrimoTest[67]" classname="br.uece.me.PrimoTest" time="0.001"/>
  <testcase name="isPrimoTest[68]" classname="br.uece.me.PrimoTest" time="0.001"/>
  <testcase name="isPrimoTest[69]" classname="br.uece.me.PrimoTest" time="0"/>
  <testcase name="isPrimoTest[70]" classname="br.uece.me.PrimoTest" time="0.001"/>
  <testcase name="isPrimoTest[71]" classname="br.uece.me.PrimoTest" time="0.001"/>
  <testcase name="isPrimoTest[72]" classname="br.uece.me.PrimoTest" time="0.004"/>
  <testcase name="isPrimoTest[73]" classname="br.uece.me.PrimoTest" time="0.001"/>
  <testcase name="isPrimoTest[74]" classname="br.uece.me.PrimoTest" time="0.001"/>
  <testcase name="isPrimoTest[75]" classname="br.uece.me.PrimoTest" time="0"/>
  <testcase name="isPrimoTest[76]" classname="br.uece.me.PrimoTest" time="0"/>
  <testcase name="isPrimoTest[77]" classname="br.uece.me.PrimoTest" time="0.002"/>
  <testcase name="isPrimoTest[78]" classname="br.uece.me.PrimoTest" time="0"/>
  <testcase name="isPrimoTest[79]" classname="br.uece.me.PrimoTest" time="0.001"/>
  <testcase name="isPrimoTest[80]" classname="br.uece.me.PrimoTest" time="0.001"/>
  <testcase name="isPrimoTest[81]" classname="br.uece.me.PrimoTest" time="0.001"/>
  <testcase name="isPrimoTest[82]" classname="br.uece.me.PrimoTest" time="0.002"/>
  <testcase name="isPrimoTest[83]" classname="br.uece.me.PrimoTest" time="0.001"/>
  <testcase name="isPrimoTest[84]" classname="br.uece.me.PrimoTest" time="0.001"/>
  <testcase name="isPrimoTest[85]" classname="br.uece.me.PrimoTest" time="0.001"/>
  <testcase name="isPrimoTest[86]" classname="br.uece.me.PrimoTest" time="0.001"/>
  <testcase name="isPrimoTest[87]" classname="br.uece.me.PrimoTest" time="0.026"/>
  <testcase name="isPrimoTest[88]" classname="br.uece.me.PrimoTest" time="0"/>
  <testcase name="isPrimoTest[89]" classname="br.uece.me.PrimoTest" time="0"/>
  <testcase name="isPrimoTest[90]" classname="br.uece.me.PrimoTest" time="0"/>
  <testcase name="isPrimoTest[91]" classname="br.uece.me.PrimoTest" time="0"/>
  <testcase name="isPrimoTest[92]" classname="br.uece.me.PrimoTest" time="0"/>
  <testcase name="isPrimoTest[93]" classname="br.uece.me.PrimoTest" time="0"/>
  <testcase name="isPrimoTest[94]" classname="br.uece.me.PrimoTest" time="0"/>
  <testcase name="isPrimoTest[95]" classname="br.uece.me.PrimoTest" time="0"/>
  <testcase name="isPrimoTest[96]" classname="br.uece.me.PrimoTest" time="0"/>
  <testcase name="isPrimoTest[97]" classname="br.uece.me.PrimoTest" time="0"/>
  <testcase name="isPrimoTest[98]" classname="br.uece.me.PrimoTest" time="0"/>
  <testcase name="isPrimoTest[99]" classname="br.uece.me.PrimoTest" time="0"/>
  <testcase name="isPrimoTest[100]" classname="br.uece.me.PrimoTest" time="0.001"/>
  <testcase name="isPrimoUmTest" classname="br.uece.me.PrimoTest" time="0.005">
    <failure message="1 nao é primo ==&gt; expected: &lt;true&gt; but was: &lt;false&gt;" type="org.opentest4j.AssertionFailedError"><![CDATA[org.opentest4j.AssertionFailedError: 1 nao é primo ==> expected: <true> but was: <false>
	at br.uece.me.PrimoTest.isPrimoUmTest(PrimoTest.java:21)
]]></failure>
  </testcase>
</testsuite>